{"D:\\Proyectos\\admin-productos\\administrador-productos-backend\\src\\routes.ts": {"path":"D:\\Proyectos\\admin-productos\\administrador-productos-backend\\src\\routes.ts","statementMap":{"0":{"start":{"line":1,"column":0},"end":{"line":1,"column":51}},"1":{"start":{"line":2,"column":0},"end":{"line":2,"column":129}},"2":{"start":{"line":3,"column":0},"end":{"line":3,"column":48}},"3":{"start":{"line":4,"column":0},"end":{"line":4,"column":47}},"4":{"start":{"line":7,"column":15},"end":{"line":7,"column":23}},"5":{"start":{"line":53,"column":0},"end":{"line":53,"column":null}},"6":{"start":{"line":83,"column":0},"end":{"line":87,"column":null}},"7":{"start":{"line":121,"column":0},"end":{"line":132,"column":null}},"8":{"start":{"line":129,"column":25},"end":{"line":129,"column":34}},"9":{"start":{"line":165,"column":0},"end":{"line":169,"column":null}},"10":{"start":{"line":218,"column":0},"end":{"line":231,"column":null}},"11":{"start":{"line":226,"column":25},"end":{"line":226,"column":34}},"12":{"start":{"line":263,"column":0},"end":{"line":266,"column":null}},"13":{"start":{"line":269,"column":0},"end":{"line":269,"column":null}}},"fnMap":{"0":{"name":"(anonymous_0)","decl":{"start":{"line":129,"column":16},"end":{"line":129,"column":21}},"loc":{"start":{"line":129,"column":25},"end":{"line":129,"column":34}}},"1":{"name":"(anonymous_1)","decl":{"start":{"line":226,"column":16},"end":{"line":226,"column":21}},"loc":{"start":{"line":226,"column":25},"end":{"line":226,"column":34}}}},"branchMap":{},"s":{"0":2,"1":2,"2":2,"3":2,"4":2,"5":2,"6":2,"7":2,"8":24,"9":2,"10":2,"11":8,"12":2,"13":2},"f":{"0":24,"1":8},"b":{}}
,"D:\\Proyectos\\admin-productos\\administrador-productos-backend\\src\\server.ts": {"path":"D:\\Proyectos\\admin-productos\\administrador-productos-backend\\src\\server.ts","statementMap":{"0":{"start":{"line":11,"column":0},"end":{"line":11,"column":7}},"1":{"start":{"line":1,"column":0},"end":{"line":1,"column":29}},"2":{"start":{"line":2,"column":0},"end":{"line":2,"column":37}},"3":{"start":{"line":3,"column":0},"end":{"line":3,"column":28}},"4":{"start":{"line":4,"column":0},"end":{"line":4,"column":27}},"5":{"start":{"line":5,"column":0},"end":{"line":5,"column":42}},"6":{"start":{"line":6,"column":0},"end":{"line":6,"column":42}},"7":{"start":{"line":7,"column":0},"end":{"line":7,"column":40}},"8":{"start":{"line":8,"column":0},"end":{"line":8,"column":27}},"9":{"start":{"line":12,"column":4},"end":{"line":27,"column":5}},"10":{"start":{"line":14,"column":8},"end":{"line":22,"column":9}},"11":{"start":{"line":15,"column":12},"end":{"line":15,"column":null}},"12":{"start":{"line":16,"column":12},"end":{"line":16,"column":null}},"13":{"start":{"line":17,"column":32},"end":{"line":17,"column":138}},"14":{"start":{"line":21,"column":12},"end":{"line":21,"column":43}},"15":{"start":{"line":25,"column":28},"end":{"line":25,"column":148}},"16":{"start":{"line":31,"column":15},"end":{"line":31,"column":24}},"17":{"start":{"line":33,"column":33},"end":{"line":42,"column":null}},"18":{"start":{"line":36,"column":8},"end":{"line":40,"column":9}},"19":{"start":{"line":37,"column":12},"end":{"line":37,"column":null}},"20":{"start":{"line":39,"column":12},"end":{"line":39,"column":null}},"21":{"start":{"line":44,"column":0},"end":{"line":44,"column":null}},"22":{"start":{"line":45,"column":0},"end":{"line":45,"column":null}},"23":{"start":{"line":46,"column":0},"end":{"line":46,"column":null}},"24":{"start":{"line":47,"column":0},"end":{"line":49,"column":1}},"25":{"start":{"line":48,"column":4},"end":{"line":48,"column":30}},"26":{"start":{"line":50,"column":0},"end":{"line":50,"column":null}},"27":{"start":{"line":52,"column":0},"end":{"line":52,"column":null}},"28":{"start":{"line":59,"column":85},"end":{"line":59,"column":46376}},"29":{"start":{"line":59,"column":89},"end":{"line":59,"column":46348}},"30":{"start":{"line":59,"column":46358},"end":{"line":59,"column":46375}},"31":{"start":{"line":59,"column":46491},"end":{"line":59,"column":46497}},"32":{"start":{"line":59,"column":46612},"end":{"line":59,"column":46618}},"33":{"start":{"line":59,"column":46733},"end":{"line":59,"column":46739}},"34":{"start":{"line":59,"column":46858},"end":{"line":59,"column":46864}},"35":{"start":{"line":59,"column":47008},"end":{"line":59,"column":47014}}},"fnMap":{"0":{"name":"connectDatabase","decl":{"start":{"line":11,"column":22},"end":{"line":11,"column":37}},"loc":{"start":{"line":11,"column":37},"end":{"line":28,"column":1}}},"1":{"name":"(anonymous_2)","decl":{"start":{"line":34,"column":12},"end":{"line":34,"column":21}},"loc":{"start":{"line":34,"column":37},"end":{"line":41,"column":5}}},"2":{"name":"oo_cm","decl":{"start":{"line":59,"column":77},"end":{"line":59,"column":82}},"loc":{"start":{"line":59,"column":82},"end":{"line":59,"column":46377}}}},"branchMap":{"0":{"loc":{"start":{"line":14,"column":8},"end":{"line":22,"column":9}},"type":"if","locations":[{"start":{"line":14,"column":8},"end":{"line":22,"column":9}},{"start":{"line":19,"column":13},"end":{"line":22,"column":9}}]},"1":{"loc":{"start":{"line":36,"column":8},"end":{"line":40,"column":9}},"type":"if","locations":[{"start":{"line":36,"column":8},"end":{"line":40,"column":9}},{"start":{"line":38,"column":13},"end":{"line":40,"column":9}}]},"2":{"loc":{"start":{"line":36,"column":11},"end":{"line":36,"column":53}},"type":"binary-expr","locations":[{"start":{"line":36,"column":11},"end":{"line":36,"column":46}},{"start":{"line":36,"column":50},"end":{"line":36,"column":53}}]},"3":{"loc":{"start":{"line":47,"column":0},"end":{"line":49,"column":1}},"type":"if","locations":[{"start":{"line":47,"column":0},"end":{"line":49,"column":1}}]},"4":{"loc":{"start":{"line":59,"column":96},"end":{"line":59,"column":46347}},"type":"binary-expr","locations":[{"start":{"line":59,"column":96},"end":{"line":59,"column":133}},{"start":{"line":59,"column":137},"end":{"line":59,"column":46347}}]}},"s":{"0":2,"1":2,"2":2,"3":2,"4":2,"5":2,"6":2,"7":2,"8":2,"9":0,"10":0,"11":0,"12":0,"13":0,"14":0,"15":0,"16":2,"17":2,"18":53,"19":53,"20":0,"21":2,"22":2,"23":2,"24":2,"25":0,"26":2,"27":2,"28":0,"29":0,"30":0,"31":2,"32":2,"33":2,"34":2,"35":2},"f":{"0":0,"1":53,"2":0},"b":{"0":[0,0],"1":[53,0],"2":[53,53],"3":[0],"4":[0,0]}}
,"D:\\Proyectos\\admin-productos\\administrador-productos-backend\\src\\config\\db.ts": {"path":"D:\\Proyectos\\admin-productos\\administrador-productos-backend\\src\\config\\db.ts","statementMap":{"0":{"start":{"line":1,"column":0},"end":{"line":1,"column":49}},"1":{"start":{"line":2,"column":0},"end":{"line":2,"column":28}},"2":{"start":{"line":3,"column":0},"end":{"line":3,"column":16}},"3":{"start":{"line":6,"column":0},"end":{"line":8,"column":3}},"4":{"start":{"line":10,"column":11},"end":{"line":14,"column":2}},"5":{"start":{"line":16,"column":0},"end":{"line":16,"column":18}}},"fnMap":{},"branchMap":{"0":{"loc":{"start":{"line":7,"column":8},"end":{"line":7,"column":62}},"type":"cond-expr","locations":[{"start":{"line":7,"column":42},"end":{"line":7,"column":53}},{"start":{"line":7,"column":56},"end":{"line":7,"column":62}}]}},"s":{"0":2,"1":2,"2":2,"3":2,"4":2,"5":2},"f":{},"b":{"0":[2,0]}}
,"D:\\Proyectos\\admin-productos\\administrador-productos-backend\\src\\config\\swagger.ts": {"path":"D:\\Proyectos\\admin-productos\\administrador-productos-backend\\src\\config\\swagger.ts","statementMap":{"0":{"start":{"line":1,"column":0},"end":{"line":1,"column":41}},"1":{"start":{"line":3,"column":38},"end":{"line":19,"column":null}},"2":{"start":{"line":21,"column":20},"end":{"line":21,"column":41}},"3":{"start":{"line":22,"column":0},"end":{"line":22,"column":null}}},"fnMap":{},"branchMap":{},"s":{"0":2,"1":2,"2":2,"3":2},"f":{},"b":{}}
,"D:\\Proyectos\\admin-productos\\administrador-productos-backend\\src\\handlers\\product.ts": {"path":"D:\\Proyectos\\admin-productos\\administrador-productos-backend\\src\\handlers\\product.ts","statementMap":{"0":{"start":{"line":2,"column":0},"end":{"line":2,"column":46}},"1":{"start":{"line":4,"column":27},"end":{"line":23,"column":1}},"2":{"start":{"line":5,"column":4},"end":{"line":22,"column":5}},"3":{"start":{"line":6,"column":25},"end":{"line":10,"column":10}},"4":{"start":{"line":12,"column":8},"end":{"line":16,"column":9}},"5":{"start":{"line":14,"column":12},"end":{"line":14,"column":null}},"6":{"start":{"line":15,"column":12},"end":{"line":15,"column":18}},"7":{"start":{"line":17,"column":8},"end":{"line":17,"column":null}},"8":{"start":{"line":20,"column":9},"end":{"line":20,"column":83}},"9":{"start":{"line":21,"column":9},"end":{"line":21,"column":15}},"10":{"start":{"line":4,"column":13},"end":{"line":4,"column":27}},"11":{"start":{"line":25,"column":30},"end":{"line":39,"column":1}},"12":{"start":{"line":27,"column":4},"end":{"line":38,"column":5}},"13":{"start":{"line":28,"column":24},"end":{"line":28,"column":61}},"14":{"start":{"line":29,"column":8},"end":{"line":32,"column":9}},"15":{"start":{"line":30,"column":12},"end":{"line":30,"column":null}},"16":{"start":{"line":31,"column":12},"end":{"line":31,"column":18}},"17":{"start":{"line":33,"column":8},"end":{"line":33,"column":null}},"18":{"start":{"line":35,"column":8},"end":{"line":35,"column":80}},"19":{"start":{"line":36,"column":8},"end":{"line":36,"column":14}},"20":{"start":{"line":25,"column":13},"end":{"line":25,"column":30}},"21":{"start":{"line":41,"column":29},"end":{"line":53,"column":1}},"22":{"start":{"line":43,"column":4},"end":{"line":51,"column":5}},"23":{"start":{"line":44,"column":29},"end":{"line":44,"column":59}},"24":{"start":{"line":45,"column":8},"end":{"line":45,"column":null}},"25":{"start":{"line":48,"column":8},"end":{"line":48,"column":78}},"26":{"start":{"line":49,"column":8},"end":{"line":49,"column":14}},"27":{"start":{"line":41,"column":13},"end":{"line":41,"column":29}},"28":{"start":{"line":55,"column":29},"end":{"line":73,"column":1}},"29":{"start":{"line":56,"column":19},"end":{"line":56,"column":29}},"30":{"start":{"line":57,"column":4},"end":{"line":71,"column":5}},"31":{"start":{"line":58,"column":24},"end":{"line":58,"column":50}},"32":{"start":{"line":59,"column":8},"end":{"line":62,"column":9}},"33":{"start":{"line":60,"column":12},"end":{"line":60,"column":null}},"34":{"start":{"line":61,"column":12},"end":{"line":61,"column":18}},"35":{"start":{"line":64,"column":8},"end":{"line":64,"column":null}},"36":{"start":{"line":65,"column":8},"end":{"line":65,"column":null}},"37":{"start":{"line":66,"column":8},"end":{"line":66,"column":null}},"38":{"start":{"line":68,"column":8},"end":{"line":68,"column":83}},"39":{"start":{"line":69,"column":8},"end":{"line":69,"column":14}},"40":{"start":{"line":55,"column":13},"end":{"line":55,"column":29}},"41":{"start":{"line":75,"column":34},"end":{"line":94,"column":1}},"42":{"start":{"line":76,"column":19},"end":{"line":76,"column":29}},"43":{"start":{"line":78,"column":4},"end":{"line":92,"column":5}},"44":{"start":{"line":79,"column":24},"end":{"line":79,"column":50}},"45":{"start":{"line":80,"column":8},"end":{"line":83,"column":9}},"46":{"start":{"line":81,"column":12},"end":{"line":81,"column":null}},"47":{"start":{"line":82,"column":12},"end":{"line":82,"column":18}},"48":{"start":{"line":85,"column":8},"end":{"line":85,"column":null}},"49":{"start":{"line":86,"column":8},"end":{"line":86,"column":null}},"50":{"start":{"line":87,"column":8},"end":{"line":87,"column":null}},"51":{"start":{"line":89,"column":8},"end":{"line":89,"column":98}},"52":{"start":{"line":90,"column":8},"end":{"line":90,"column":14}},"53":{"start":{"line":75,"column":13},"end":{"line":75,"column":34}},"54":{"start":{"line":96,"column":29},"end":{"line":114,"column":1}},"55":{"start":{"line":98,"column":19},"end":{"line":98,"column":29}},"56":{"start":{"line":99,"column":4},"end":{"line":112,"column":5}},"57":{"start":{"line":100,"column":24},"end":{"line":100,"column":50}},"58":{"start":{"line":101,"column":8},"end":{"line":104,"column":9}},"59":{"start":{"line":102,"column":12},"end":{"line":102,"column":null}},"60":{"start":{"line":103,"column":12},"end":{"line":103,"column":18}},"61":{"start":{"line":106,"column":8},"end":{"line":106,"column":null}},"62":{"start":{"line":107,"column":8},"end":{"line":107,"column":null}},"63":{"start":{"line":109,"column":8},"end":{"line":109,"column":81}},"64":{"start":{"line":110,"column":8},"end":{"line":110,"column":14}},"65":{"start":{"line":96,"column":13},"end":{"line":96,"column":29}}},"fnMap":{"0":{"name":"(anonymous_1)","decl":{"start":{"line":4,"column":27},"end":{"line":4,"column":32}},"loc":{"start":{"line":4,"column":67},"end":{"line":23,"column":1}}},"1":{"name":"(anonymous_2)","decl":{"start":{"line":25,"column":30},"end":{"line":25,"column":35}},"loc":{"start":{"line":25,"column":70},"end":{"line":39,"column":1}}},"2":{"name":"(anonymous_3)","decl":{"start":{"line":41,"column":29},"end":{"line":41,"column":34}},"loc":{"start":{"line":41,"column":68},"end":{"line":53,"column":1}}},"3":{"name":"(anonymous_4)","decl":{"start":{"line":55,"column":29},"end":{"line":55,"column":34}},"loc":{"start":{"line":55,"column":69},"end":{"line":73,"column":1}}},"4":{"name":"(anonymous_5)","decl":{"start":{"line":75,"column":34},"end":{"line":75,"column":39}},"loc":{"start":{"line":75,"column":74},"end":{"line":94,"column":1}}},"5":{"name":"(anonymous_6)","decl":{"start":{"line":96,"column":29},"end":{"line":96,"column":34}},"loc":{"start":{"line":96,"column":69},"end":{"line":114,"column":1}}}},"branchMap":{"0":{"loc":{"start":{"line":12,"column":8},"end":{"line":16,"column":9}},"type":"if","locations":[{"start":{"line":12,"column":8},"end":{"line":16,"column":9}}]},"1":{"loc":{"start":{"line":29,"column":8},"end":{"line":32,"column":9}},"type":"if","locations":[{"start":{"line":29,"column":8},"end":{"line":32,"column":9}}]},"2":{"loc":{"start":{"line":59,"column":8},"end":{"line":62,"column":9}},"type":"if","locations":[{"start":{"line":59,"column":8},"end":{"line":62,"column":9}}]},"3":{"loc":{"start":{"line":80,"column":8},"end":{"line":83,"column":9}},"type":"if","locations":[{"start":{"line":80,"column":8},"end":{"line":83,"column":9}}]},"4":{"loc":{"start":{"line":101,"column":8},"end":{"line":104,"column":9}},"type":"if","locations":[{"start":{"line":101,"column":8},"end":{"line":104,"column":9}}]}},"s":{"0":2,"1":2,"2":5,"3":5,"4":4,"5":3,"6":3,"7":1,"8":1,"9":1,"10":2,"11":2,"12":4,"13":4,"14":3,"15":1,"16":1,"17":2,"18":1,"19":1,"20":2,"21":2,"22":22,"23":22,"24":21,"25":1,"26":1,"27":2,"28":2,"29":3,"30":3,"31":3,"32":2,"33":1,"34":1,"35":1,"36":1,"37":1,"38":1,"39":1,"40":2,"41":2,"42":4,"43":4,"44":4,"45":3,"46":1,"47":1,"48":2,"49":2,"50":2,"51":1,"52":1,"53":2,"54":2,"55":6,"56":6,"57":6,"58":5,"59":2,"60":2,"61":3,"62":3,"63":1,"64":1,"65":2},"f":{"0":5,"1":4,"2":22,"3":3,"4":4,"5":6},"b":{"0":[3],"1":[1],"2":[1],"3":[1],"4":[2]}}
,"D:\\Proyectos\\admin-productos\\administrador-productos-backend\\src\\middleware\\index.ts": {"path":"D:\\Proyectos\\admin-productos\\administrador-productos-backend\\src\\middleware\\index.ts","statementMap":{"0":{"start":{"line":2,"column":0},"end":{"line":2,"column":52}},"1":{"start":{"line":4,"column":33},"end":{"line":14,"column":1}},"2":{"start":{"line":6,"column":17},"end":{"line":6,"column":38}},"3":{"start":{"line":8,"column":4},"end":{"line":11,"column":5}},"4":{"start":{"line":9,"column":8},"end":{"line":9,"column":null}},"5":{"start":{"line":10,"column":8},"end":{"line":10,"column":14}},"6":{"start":{"line":13,"column":4},"end":{"line":13,"column":null}},"7":{"start":{"line":4,"column":13},"end":{"line":4,"column":33}}},"fnMap":{"0":{"name":"(anonymous_0)","decl":{"start":{"line":4,"column":33},"end":{"line":4,"column":38}},"loc":{"start":{"line":4,"column":94},"end":{"line":14,"column":1}}}},"branchMap":{"0":{"loc":{"start":{"line":8,"column":4},"end":{"line":11,"column":5}},"type":"if","locations":[{"start":{"line":8,"column":4},"end":{"line":11,"column":5}}]}},"s":{"0":2,"1":2,"2":48,"3":48,"4":9,"5":9,"6":39,"7":2},"f":{"0":48},"b":{"0":[9]}}
,"D:\\Proyectos\\admin-productos\\administrador-productos-backend\\src\\models\\Product.model.ts": {"path":"D:\\Proyectos\\admin-productos\\administrador-productos-backend\\src\\models\\Product.model.ts","statementMap":{"0":{"start":{"line":1,"column":0},"end":{"line":1,"column":69}},"1":{"start":{"line":7,"column":0},"end":{"line":23,"column":null}},"2":{"start":{"line":11,"column":12},"end":{"line":11,"column":null}},"3":{"start":{"line":16,"column":12},"end":{"line":16,"column":null}},"4":{"start":{"line":22,"column":12},"end":{"line":22,"column":null}},"5":{"start":{"line":7,"column":6},"end":{"line":23,"column":null}},"6":{"start":{"line":25,"column":0},"end":{"line":25,"column":null}}},"fnMap":{},"branchMap":{},"s":{"0":2,"1":2,"2":2,"3":2,"4":2,"5":2,"6":2},"f":{},"b":{}}
}
