{"D:\\administrador-productos-backend\\src\\routes.ts": {"path":"D:\\administrador-productos-backend\\src\\routes.ts","statementMap":{"0":{"start":{"line":1,"column":0},"end":{"line":1,"column":32}},"1":{"start":{"line":2,"column":0},"end":{"line":2,"column":129}},"2":{"start":{"line":3,"column":0},"end":{"line":3,"column":48}},"3":{"start":{"line":4,"column":0},"end":{"line":4,"column":47}},"4":{"start":{"line":6,"column":15},"end":{"line":6,"column":23}},"5":{"start":{"line":52,"column":0},"end":{"line":52,"column":null}},"6":{"start":{"line":82,"column":0},"end":{"line":86,"column":null}},"7":{"start":{"line":120,"column":0},"end":{"line":131,"column":null}},"8":{"start":{"line":128,"column":25},"end":{"line":128,"column":34}},"9":{"start":{"line":164,"column":0},"end":{"line":168,"column":null}},"10":{"start":{"line":217,"column":0},"end":{"line":230,"column":null}},"11":{"start":{"line":225,"column":25},"end":{"line":225,"column":34}},"12":{"start":{"line":262,"column":0},"end":{"line":265,"column":null}},"13":{"start":{"line":267,"column":0},"end":{"line":267,"column":null}}},"fnMap":{"0":{"name":"(anonymous_0)","decl":{"start":{"line":128,"column":16},"end":{"line":128,"column":21}},"loc":{"start":{"line":128,"column":25},"end":{"line":128,"column":34}}},"1":{"name":"(anonymous_1)","decl":{"start":{"line":225,"column":16},"end":{"line":225,"column":21}},"loc":{"start":{"line":225,"column":25},"end":{"line":225,"column":34}}}},"branchMap":{},"s":{"0":2,"1":2,"2":2,"3":2,"4":2,"5":2,"6":2,"7":2,"8":3,"9":2,"10":2,"11":6,"12":2,"13":2},"f":{"0":3,"1":6},"b":{}}
,"D:\\administrador-productos-backend\\src\\server.ts": {"path":"D:\\administrador-productos-backend\\src\\server.ts","statementMap":{"0":{"start":{"line":9,"column":0},"end":{"line":9,"column":7}},"1":{"start":{"line":1,"column":0},"end":{"line":1,"column":29}},"2":{"start":{"line":2,"column":0},"end":{"line":2,"column":37}},"3":{"start":{"line":3,"column":0},"end":{"line":3,"column":28}},"4":{"start":{"line":4,"column":0},"end":{"line":4,"column":27}},"5":{"start":{"line":5,"column":0},"end":{"line":5,"column":42}},"6":{"start":{"line":6,"column":0},"end":{"line":6,"column":42}},"7":{"start":{"line":10,"column":4},"end":{"line":18,"column":5}},"8":{"start":{"line":11,"column":8},"end":{"line":11,"column":null}},"9":{"start":{"line":12,"column":8},"end":{"line":12,"column":null}},"10":{"start":{"line":16,"column":8},"end":{"line":16,"column":92}},"11":{"start":{"line":21,"column":0},"end":{"line":21,"column":null}},"12":{"start":{"line":23,"column":15},"end":{"line":23,"column":24}},"13":{"start":{"line":25,"column":0},"end":{"line":25,"column":null}},"14":{"start":{"line":26,"column":0},"end":{"line":26,"column":null}},"15":{"start":{"line":27,"column":0},"end":{"line":27,"column":null}},"16":{"start":{"line":29,"column":0},"end":{"line":29,"column":null}}},"fnMap":{"0":{"name":"connectDatabase","decl":{"start":{"line":9,"column":22},"end":{"line":9,"column":37}},"loc":{"start":{"line":9,"column":37},"end":{"line":19,"column":1}}}},"branchMap":{},"s":{"0":2,"1":2,"2":2,"3":2,"4":2,"5":2,"6":2,"7":3,"8":3,"9":1,"10":1,"11":2,"12":2,"13":2,"14":2,"15":2,"16":2},"f":{"0":3},"b":{}}
,"D:\\administrador-productos-backend\\src\\config\\db.ts": {"path":"D:\\administrador-productos-backend\\src\\config\\db.ts","statementMap":{"0":{"start":{"line":1,"column":0},"end":{"line":1,"column":49}},"1":{"start":{"line":2,"column":0},"end":{"line":2,"column":29}},"2":{"start":{"line":3,"column":0},"end":{"line":3,"column":null}},"3":{"start":{"line":6,"column":11},"end":{"line":9,"column":2}},"4":{"start":{"line":11,"column":0},"end":{"line":11,"column":18}}},"fnMap":{},"branchMap":{},"s":{"0":2,"1":2,"2":2,"3":2,"4":2},"f":{},"b":{}}
,"D:\\administrador-productos-backend\\src\\config\\swagger.ts": {"path":"D:\\administrador-productos-backend\\src\\config\\swagger.ts","statementMap":{"0":{"start":{"line":1,"column":0},"end":{"line":1,"column":41}},"1":{"start":{"line":3,"column":38},"end":{"line":19,"column":null}},"2":{"start":{"line":21,"column":20},"end":{"line":21,"column":41}},"3":{"start":{"line":22,"column":0},"end":{"line":22,"column":null}}},"fnMap":{},"branchMap":{},"s":{"0":2,"1":2,"2":2,"3":2},"f":{},"b":{}}
,"D:\\administrador-productos-backend\\src\\handlers\\product.ts": {"path":"D:\\administrador-productos-backend\\src\\handlers\\product.ts","statementMap":{"0":{"start":{"line":2,"column":0},"end":{"line":2,"column":46}},"1":{"start":{"line":4,"column":27},"end":{"line":15,"column":1}},"2":{"start":{"line":5,"column":4},"end":{"line":14,"column":5}},"3":{"start":{"line":6,"column":25},"end":{"line":6,"column":48}},"4":{"start":{"line":7,"column":8},"end":{"line":10,"column":9}},"5":{"start":{"line":8,"column":12},"end":{"line":8,"column":null}},"6":{"start":{"line":9,"column":12},"end":{"line":9,"column":18}},"7":{"start":{"line":11,"column":8},"end":{"line":11,"column":null}},"8":{"start":{"line":13,"column":8},"end":{"line":13,"column":null}},"9":{"start":{"line":4,"column":13},"end":{"line":4,"column":27}},"10":{"start":{"line":17,"column":30},"end":{"line":30,"column":1}},"11":{"start":{"line":19,"column":4},"end":{"line":29,"column":5}},"12":{"start":{"line":20,"column":24},"end":{"line":20,"column":61}},"13":{"start":{"line":21,"column":8},"end":{"line":24,"column":9}},"14":{"start":{"line":22,"column":12},"end":{"line":22,"column":null}},"15":{"start":{"line":23,"column":12},"end":{"line":23,"column":18}},"16":{"start":{"line":25,"column":8},"end":{"line":25,"column":null}},"17":{"start":{"line":27,"column":8},"end":{"line":27,"column":27}},"18":{"start":{"line":17,"column":13},"end":{"line":17,"column":30}},"19":{"start":{"line":32,"column":29},"end":{"line":44,"column":1}},"20":{"start":{"line":33,"column":4},"end":{"line":33,"column":26}},"21":{"start":{"line":35,"column":4},"end":{"line":42,"column":5}},"22":{"start":{"line":36,"column":29},"end":{"line":36,"column":59}},"23":{"start":{"line":37,"column":8},"end":{"line":37,"column":null}},"24":{"start":{"line":40,"column":8},"end":{"line":40,"column":27}},"25":{"start":{"line":32,"column":13},"end":{"line":32,"column":29}},"26":{"start":{"line":46,"column":29},"end":{"line":63,"column":1}},"27":{"start":{"line":47,"column":19},"end":{"line":47,"column":29}},"28":{"start":{"line":48,"column":4},"end":{"line":61,"column":5}},"29":{"start":{"line":49,"column":24},"end":{"line":49,"column":50}},"30":{"start":{"line":50,"column":8},"end":{"line":53,"column":9}},"31":{"start":{"line":51,"column":12},"end":{"line":51,"column":null}},"32":{"start":{"line":52,"column":12},"end":{"line":52,"column":18}},"33":{"start":{"line":55,"column":8},"end":{"line":55,"column":null}},"34":{"start":{"line":56,"column":8},"end":{"line":56,"column":null}},"35":{"start":{"line":57,"column":8},"end":{"line":57,"column":null}},"36":{"start":{"line":59,"column":8},"end":{"line":59,"column":27}},"37":{"start":{"line":46,"column":13},"end":{"line":46,"column":29}},"38":{"start":{"line":65,"column":34},"end":{"line":82,"column":1}},"39":{"start":{"line":66,"column":19},"end":{"line":66,"column":29}},"40":{"start":{"line":67,"column":4},"end":{"line":80,"column":5}},"41":{"start":{"line":68,"column":24},"end":{"line":68,"column":50}},"42":{"start":{"line":69,"column":8},"end":{"line":72,"column":9}},"43":{"start":{"line":70,"column":12},"end":{"line":70,"column":null}},"44":{"start":{"line":71,"column":12},"end":{"line":71,"column":18}},"45":{"start":{"line":74,"column":8},"end":{"line":74,"column":null}},"46":{"start":{"line":75,"column":8},"end":{"line":75,"column":null}},"47":{"start":{"line":76,"column":8},"end":{"line":76,"column":null}},"48":{"start":{"line":78,"column":8},"end":{"line":78,"column":27}},"49":{"start":{"line":65,"column":13},"end":{"line":65,"column":34}},"50":{"start":{"line":84,"column":29},"end":{"line":101,"column":1}},"51":{"start":{"line":86,"column":19},"end":{"line":86,"column":29}},"52":{"start":{"line":87,"column":4},"end":{"line":99,"column":5}},"53":{"start":{"line":88,"column":24},"end":{"line":88,"column":50}},"54":{"start":{"line":89,"column":8},"end":{"line":92,"column":9}},"55":{"start":{"line":90,"column":12},"end":{"line":90,"column":null}},"56":{"start":{"line":91,"column":12},"end":{"line":91,"column":18}},"57":{"start":{"line":94,"column":8},"end":{"line":94,"column":null}},"58":{"start":{"line":95,"column":8},"end":{"line":95,"column":null}},"59":{"start":{"line":97,"column":8},"end":{"line":97,"column":27}},"60":{"start":{"line":84,"column":13},"end":{"line":84,"column":29}}},"fnMap":{"0":{"name":"(anonymous_1)","decl":{"start":{"line":4,"column":27},"end":{"line":4,"column":32}},"loc":{"start":{"line":4,"column":67},"end":{"line":15,"column":1}}},"1":{"name":"(anonymous_2)","decl":{"start":{"line":17,"column":30},"end":{"line":17,"column":35}},"loc":{"start":{"line":17,"column":70},"end":{"line":30,"column":1}}},"2":{"name":"(anonymous_3)","decl":{"start":{"line":32,"column":29},"end":{"line":32,"column":34}},"loc":{"start":{"line":32,"column":68},"end":{"line":44,"column":1}}},"3":{"name":"(anonymous_4)","decl":{"start":{"line":46,"column":29},"end":{"line":46,"column":34}},"loc":{"start":{"line":46,"column":69},"end":{"line":63,"column":1}}},"4":{"name":"(anonymous_5)","decl":{"start":{"line":65,"column":34},"end":{"line":65,"column":39}},"loc":{"start":{"line":65,"column":74},"end":{"line":82,"column":1}}},"5":{"name":"(anonymous_6)","decl":{"start":{"line":84,"column":29},"end":{"line":84,"column":34}},"loc":{"start":{"line":84,"column":69},"end":{"line":101,"column":1}}}},"branchMap":{"0":{"loc":{"start":{"line":7,"column":8},"end":{"line":10,"column":9}},"type":"if","locations":[{"start":{"line":7,"column":8},"end":{"line":10,"column":9}}]},"1":{"loc":{"start":{"line":21,"column":8},"end":{"line":24,"column":9}},"type":"if","locations":[{"start":{"line":21,"column":8},"end":{"line":24,"column":9}}]},"2":{"loc":{"start":{"line":50,"column":8},"end":{"line":53,"column":9}},"type":"if","locations":[{"start":{"line":50,"column":8},"end":{"line":53,"column":9}}]},"3":{"loc":{"start":{"line":69,"column":8},"end":{"line":72,"column":9}},"type":"if","locations":[{"start":{"line":69,"column":8},"end":{"line":72,"column":9}}]},"4":{"loc":{"start":{"line":89,"column":8},"end":{"line":92,"column":9}},"type":"if","locations":[{"start":{"line":89,"column":8},"end":{"line":92,"column":9}}]}},"s":{"0":2,"1":2,"2":2,"3":2,"4":2,"5":0,"6":0,"7":2,"8":0,"9":2,"10":2,"11":3,"12":3,"13":3,"14":1,"15":1,"16":2,"17":0,"18":2,"19":2,"20":1,"21":1,"22":1,"23":1,"24":0,"25":2,"26":2,"27":2,"28":2,"29":2,"30":2,"31":1,"32":1,"33":1,"34":1,"35":1,"36":0,"37":2,"38":2,"39":3,"40":3,"41":3,"42":3,"43":1,"44":1,"45":2,"46":2,"47":2,"48":0,"49":2,"50":2,"51":3,"52":3,"53":3,"54":3,"55":2,"56":2,"57":1,"58":1,"59":0,"60":2},"f":{"0":2,"1":3,"2":1,"3":2,"4":3,"5":3},"b":{"0":[0],"1":[1],"2":[1],"3":[1],"4":[2]}}
,"D:\\administrador-productos-backend\\src\\middleware\\index.ts": {"path":"D:\\administrador-productos-backend\\src\\middleware\\index.ts","statementMap":{"0":{"start":{"line":2,"column":0},"end":{"line":2,"column":52}},"1":{"start":{"line":4,"column":33},"end":{"line":14,"column":1}},"2":{"start":{"line":6,"column":17},"end":{"line":6,"column":38}},"3":{"start":{"line":8,"column":4},"end":{"line":11,"column":5}},"4":{"start":{"line":9,"column":8},"end":{"line":9,"column":null}},"5":{"start":{"line":10,"column":8},"end":{"line":10,"column":14}},"6":{"start":{"line":13,"column":4},"end":{"line":13,"column":null}},"7":{"start":{"line":4,"column":13},"end":{"line":4,"column":33}}},"fnMap":{"0":{"name":"(anonymous_0)","decl":{"start":{"line":4,"column":33},"end":{"line":4,"column":38}},"loc":{"start":{"line":4,"column":94},"end":{"line":14,"column":1}}}},"branchMap":{"0":{"loc":{"start":{"line":8,"column":4},"end":{"line":11,"column":5}},"type":"if","locations":[{"start":{"line":8,"column":4},"end":{"line":11,"column":5}}]}},"s":{"0":2,"1":2,"2":20,"3":20,"4":8,"5":8,"6":12,"7":2},"f":{"0":20},"b":{"0":[8]}}
,"D:\\administrador-productos-backend\\src\\models\\Product.model.ts": {"path":"D:\\administrador-productos-backend\\src\\models\\Product.model.ts","statementMap":{"0":{"start":{"line":1,"column":0},"end":{"line":1,"column":69}},"1":{"start":{"line":7,"column":0},"end":{"line":23,"column":null}},"2":{"start":{"line":11,"column":12},"end":{"line":11,"column":null}},"3":{"start":{"line":16,"column":12},"end":{"line":16,"column":null}},"4":{"start":{"line":22,"column":12},"end":{"line":22,"column":null}},"5":{"start":{"line":7,"column":6},"end":{"line":23,"column":null}},"6":{"start":{"line":25,"column":0},"end":{"line":25,"column":null}}},"fnMap":{},"branchMap":{},"s":{"0":2,"1":2,"2":2,"3":2,"4":2,"5":2,"6":2},"f":{},"b":{}}
}
