TN:
SF:src\routes.ts
FN:129,(anonymous_0)
FN:226,(anonymous_1)
FNF:2
FNH:2
FNDA:24,(anonymous_0)
FNDA:8,(anonymous_1)
DA:1,2
DA:2,2
DA:3,2
DA:4,2
DA:7,2
DA:53,2
DA:83,2
DA:121,2
DA:129,24
DA:165,2
DA:218,2
DA:226,8
DA:263,2
DA:269,2
LF:14
LH:14
BRF:0
BRH:0
end_of_record
TN:
SF:src\server.ts
FN:11,connectDatabase
FN:34,(anonymous_2)
FN:59,oo_cm
FNF:3
FNH:1
FNDA:0,connectDatabase
FNDA:53,(anonymous_2)
FNDA:0,oo_cm
DA:1,2
DA:2,2
DA:3,2
DA:4,2
DA:5,2
DA:6,2
DA:7,2
DA:8,2
DA:11,2
DA:12,0
DA:14,0
DA:15,0
DA:16,0
DA:17,0
DA:21,0
DA:25,0
DA:31,2
DA:33,2
DA:36,53
DA:37,53
DA:39,0
DA:44,2
DA:45,2
DA:46,2
DA:47,2
DA:48,0
DA:50,2
DA:52,2
DA:59,2
LF:29
LH:20
BRDA:14,0,0,0
BRDA:14,0,1,0
BRDA:36,1,0,53
BRDA:36,1,1,0
BRDA:36,2,0,53
BRDA:36,2,1,53
BRDA:47,3,0,0
BRDA:59,4,0,0
BRDA:59,4,1,0
BRF:9
BRH:3
end_of_record
TN:
SF:src\config\db.ts
FNF:0
FNH:0
DA:1,2
DA:2,2
DA:3,2
DA:6,2
DA:10,2
DA:16,2
LF:6
LH:6
BRDA:7,0,0,2
BRDA:7,0,1,0
BRF:2
BRH:1
end_of_record
TN:
SF:src\config\swagger.ts
FNF:0
FNH:0
DA:1,2
DA:3,2
DA:21,2
DA:22,2
LF:4
LH:4
BRF:0
BRH:0
end_of_record
TN:
SF:src\handlers\product.ts
FN:4,(anonymous_1)
FN:25,(anonymous_2)
FN:41,(anonymous_3)
FN:55,(anonymous_4)
FN:75,(anonymous_5)
FN:96,(anonymous_6)
FNF:6
FNH:6
FNDA:5,(anonymous_1)
FNDA:4,(anonymous_2)
FNDA:22,(anonymous_3)
FNDA:3,(anonymous_4)
FNDA:4,(anonymous_5)
FNDA:6,(anonymous_6)
DA:2,2
DA:4,2
DA:5,5
DA:6,5
DA:12,4
DA:14,3
DA:15,3
DA:17,1
DA:20,1
DA:21,1
DA:25,2
DA:27,4
DA:28,4
DA:29,3
DA:30,1
DA:31,1
DA:33,2
DA:35,1
DA:36,1
DA:41,2
DA:43,22
DA:44,22
DA:45,21
DA:48,1
DA:49,1
DA:55,2
DA:56,3
DA:57,3
DA:58,3
DA:59,2
DA:60,1
DA:61,1
DA:64,1
DA:65,1
DA:66,1
DA:68,1
DA:69,1
DA:75,2
DA:76,4
DA:78,4
DA:79,4
DA:80,3
DA:81,1
DA:82,1
DA:85,2
DA:86,2
DA:87,2
DA:89,1
DA:90,1
DA:96,2
DA:98,6
DA:99,6
DA:100,6
DA:101,5
DA:102,2
DA:103,2
DA:106,3
DA:107,3
DA:109,1
DA:110,1
LF:60
LH:60
BRDA:12,0,0,3
BRDA:29,1,0,1
BRDA:59,2,0,1
BRDA:80,3,0,1
BRDA:101,4,0,2
BRF:5
BRH:5
end_of_record
TN:
SF:src\middleware\index.ts
FN:4,(anonymous_0)
FNF:1
FNH:1
FNDA:48,(anonymous_0)
DA:2,2
DA:4,2
DA:6,48
DA:8,48
DA:9,9
DA:10,9
DA:13,39
LF:7
LH:7
BRDA:8,0,0,9
BRF:1
BRH:1
end_of_record
TN:
SF:src\models\Product.model.ts
FNF:0
FNH:0
DA:1,2
DA:7,2
DA:11,2
DA:16,2
DA:22,2
DA:25,2
LF:6
LH:6
BRF:0
BRH:0
end_of_record
