TN:
SF:src\routes.ts
FN:25,(anonymous_0)
FN:44,(anonymous_1)
FNF:2
FNH:2
FNDA:3,(anonymous_0)
FNDA:6,(anonymous_1)
DA:1,2
DA:2,2
DA:3,2
DA:4,2
DA:6,2
DA:8,2
DA:9,2
DA:11,2
DA:17,2
DA:25,3
DA:30,2
DA:36,2
DA:44,6
DA:51,2
DA:56,2
LF:15
LH:15
BRF:0
BRH:0
end_of_record
TN:
SF:src\server.ts
FN:7,connectDatabase
FN:25,(anonymous_2)
FNF:2
FNH:2
FNDA:3,connectDatabase
FNDA:1,(anonymous_2)
DA:1,2
DA:2,2
DA:3,2
DA:4,2
DA:7,2
DA:8,3
DA:9,3
DA:10,1
DA:14,1
DA:19,2
DA:21,2
DA:23,2
DA:24,2
DA:25,2
DA:27,1
DA:30,2
LF:16
LH:16
BRF:0
BRH:0
end_of_record
TN:
SF:src\config\db.ts
FNF:0
FNH:0
DA:1,2
DA:2,2
DA:3,2
DA:6,2
DA:11,2
LF:5
LH:5
BRF:0
BRH:0
end_of_record
TN:
SF:src\handlers\product.ts
FN:4,(anonymous_1)
FN:17,(anonymous_2)
FN:32,(anonymous_3)
FN:45,(anonymous_4)
FN:64,(anonymous_5)
FN:83,(anonymous_6)
FNF:6
FNH:6
FNDA:2,(anonymous_1)
FNDA:3,(anonymous_2)
FNDA:1,(anonymous_3)
FNDA:2,(anonymous_4)
FNDA:3,(anonymous_5)
FNDA:3,(anonymous_6)
DA:2,2
DA:4,2
DA:5,2
DA:6,2
DA:7,2
DA:8,0
DA:9,0
DA:11,2
DA:13,0
DA:17,2
DA:19,3
DA:20,3
DA:21,3
DA:22,1
DA:23,1
DA:25,2
DA:27,0
DA:32,2
DA:34,1
DA:35,1
DA:36,1
DA:39,0
DA:45,2
DA:46,2
DA:47,2
DA:48,2
DA:49,2
DA:50,1
DA:51,1
DA:54,1
DA:55,1
DA:56,1
DA:58,0
DA:64,2
DA:65,3
DA:66,3
DA:67,3
DA:68,3
DA:69,1
DA:70,1
DA:73,2
DA:74,2
DA:75,2
DA:77,0
DA:83,2
DA:85,3
DA:86,3
DA:87,3
DA:88,3
DA:89,2
DA:90,2
DA:93,1
DA:94,1
DA:96,0
LF:54
LH:46
BRDA:7,0,0,0
BRDA:21,1,0,1
BRDA:49,2,0,1
BRDA:68,3,0,1
BRDA:88,4,0,2
BRF:5
BRH:4
end_of_record
TN:
SF:src\middleware\index.ts
FN:4,(anonymous_0)
FNF:1
FNH:1
FNDA:20,(anonymous_0)
DA:2,2
DA:4,2
DA:6,20
DA:8,20
DA:9,8
DA:10,8
DA:13,12
LF:7
LH:7
BRDA:8,0,0,8
BRF:1
BRH:1
end_of_record
TN:
SF:src\models\Product.model.ts
FNF:0
FNH:0
DA:1,2
DA:7,2
DA:11,2
DA:16,2
DA:21,2
DA:24,2
LF:6
LH:6
BRF:0
BRH:0
end_of_record
